<?xml version="1.0" encoding="UTF-8"?>
<testng-results ignored="0" total="3" passed="3" failed="0" skipped="0">
  <reporter-output>
  </reporter-output>
  <suite started-at="2023-12-16T12:42:59 IST" name="Suite" finished-at="2023-12-16T12:43:48 IST" duration-ms="49001">
    <groups>
      <group name="regression">
        <method signature="LoginTest.test_login(java.lang.String,java.lang.String,java.lang.String)[pri:0, instance:testCases.LoginTest@1ffaf86]" name="test_login" class="testCases.LoginTest"/>
      </group> <!-- regression -->
      <group name="sanity">
        <method signature="LoginTest.test_login(java.lang.String,java.lang.String,java.lang.String)[pri:0, instance:testCases.LoginTest@1ffaf86]" name="test_login" class="testCases.LoginTest"/>
      </group> <!-- sanity -->
    </groups>
    <test started-at="2023-12-16T12:42:59 IST" name="Test" finished-at="2023-12-16T12:43:48 IST" duration-ms="49001">
      <class name="testCases.LoginTest">
        <test-method is-config="true" signature="setUp(java.lang.String,java.lang.String)[pri:0, instance:testCases.LoginTest@1ffaf86]" started-at="2023-12-16T12:42:59 IST" name="setUp" finished-at="2023-12-16T12:43:09 IST" duration-ms="9491" status="PASS">
          <params>
            <param index="0">
              <value>
                <![CDATA[chrome]]>
              </value>
            </param>
            <param index="1">
              <value>
                <![CDATA[https://opensource-demo.orangehrmlive.com/web/index.php/auth/login]]>
              </value>
            </param>
          </params>
          <reporter-output>
          </reporter-output>
        </test-method> <!-- setUp -->
        <test-method signature="test_login(java.lang.String,java.lang.String,java.lang.String)[pri:0, instance:testCases.LoginTest@1ffaf86]" started-at="2023-12-16T12:43:11 IST" name="test_login" data-provider="LoginData" finished-at="2023-12-16T12:43:24 IST" duration-ms="12812" status="PASS">
          <params>
            <param index="0">
              <value>
                <![CDATA[Admin]]>
              </value>
            </param>
            <param index="1">
              <value>
                <![CDATA[admin12]]>
              </value>
            </param>
            <param index="2">
              <value>
                <![CDATA[Invalid]]>
              </value>
            </param>
          </params>
          <reporter-output>
          </reporter-output>
        </test-method> <!-- test_login -->
        <test-method signature="test_login(java.lang.String,java.lang.String,java.lang.String)[pri:0, instance:testCases.LoginTest@1ffaf86]" started-at="2023-12-16T12:43:24 IST" name="test_login" data-provider="LoginData" finished-at="2023-12-16T12:43:35 IST" duration-ms="11571" status="PASS">
          <params>
            <param index="0">
              <value>
                <![CDATA[Admin]]>
              </value>
            </param>
            <param index="1">
              <value>
                <![CDATA[admin123]]>
              </value>
            </param>
            <param index="2">
              <value>
                <![CDATA[valid]]>
              </value>
            </param>
          </params>
          <reporter-output>
          </reporter-output>
        </test-method> <!-- test_login -->
        <test-method signature="test_login(java.lang.String,java.lang.String,java.lang.String)[pri:0, instance:testCases.LoginTest@1ffaf86]" started-at="2023-12-16T12:43:35 IST" name="test_login" data-provider="LoginData" finished-at="2023-12-16T12:43:48 IST" duration-ms="12514" status="PASS">
          <params>
            <param index="0">
              <value>
                <![CDATA[Admin]]>
              </value>
            </param>
            <param index="1">
              <value>
                <![CDATA[123admin]]>
              </value>
            </param>
            <param index="2">
              <value>
                <![CDATA[Invalid]]>
              </value>
            </param>
          </params>
          <reporter-output>
          </reporter-output>
        </test-method> <!-- test_login -->
        <test-method is-config="true" signature="tearDown()[pri:0, instance:testCases.LoginTest@1ffaf86]" started-at="2023-12-16T12:43:48 IST" name="tearDown" finished-at="2023-12-16T12:43:48 IST" duration-ms="287" status="PASS">
          <reporter-output>
          </reporter-output>
        </test-method> <!-- tearDown -->
      </class> <!-- testCases.LoginTest -->
    </test> <!-- Test -->
  </suite> <!-- Suite -->
</testng-results>
